Flow report for ADC_AD9481
Sun Jul 09 11:34:39 2023
Quartus II 64-Bit Version 13.0.0 Build 156 04/24/2013 SJ Full Version


---------------------
; Table of Contents ;
---------------------
  1. Legal Notice
  2. Flow Summary
  3. Flow Settings
  4. Flow Non-Default Global Settings
  5. Flow Elapsed Time
  6. Flow OS Summary
  7. Flow Log
  8. Flow Messages
  9. Flow Suppressed Messages



----------------
; Legal Notice ;
----------------
Copyright (C) 1991-2013 Altera Corporation
Your use of Altera Corporation's design tools, logic functions 
and other software and tools, and its AMPP partner logic 
functions, and any output files from any of the foregoing 
(including device programming or simulation files), and any 
associated documentation or information are expressly subject 
to the terms and conditions of the Altera Program License 
Subscription Agreement, Altera MegaCore Function License 
Agreement, or other applicable license agreement, including, 
without limitation, that your use is for the sole purpose of 
programming logic devices manufactured by Altera and sold by 
Altera or its authorized distributors.  Please refer to the 
applicable agreement for further details.



+----------------------------------------------------------------------------------+
; Flow Summary                                                                     ;
+------------------------------------+---------------------------------------------+
; Flow Status                        ; Successful - Sun Jul 09 11:34:39 2023       ;
; Quartus II 64-Bit Version          ; 13.0.0 Build 156 04/24/2013 SJ Full Version ;
; Revision Name                      ; ADC_AD9481                                  ;
; Top-level Entity Name              ; ADC_AD9481                                  ;
; Family                             ; Cyclone IV E                                ;
; Device                             ; EP4CE10E22C8                                ;
; Timing Models                      ; Final                                       ;
; Total logic elements               ; 1,778 / 10,320 ( 17 % )                     ;
;     Total combinational functions  ; 1,301 / 10,320 ( 13 % )                     ;
;     Dedicated logic registers      ; 1,061 / 10,320 ( 10 % )                     ;
; Total registers                    ; 1061                                        ;
; Total pins                         ; 25 / 92 ( 27 % )                            ;
; Total virtual pins                 ; 0                                           ;
; Total memory bits                  ; 170,496 / 423,936 ( 40 % )                  ;
; Embedded Multiplier 9-bit elements ; 0 / 46 ( 0 % )                              ;
; Total PLLs                         ; 1 / 2 ( 50 % )                              ;
+------------------------------------+---------------------------------------------+


+-----------------------------------------+
; Flow Settings                           ;
+-------------------+---------------------+
; Option            ; Setting             ;
+-------------------+---------------------+
; Start date & time ; 07/09/2023 11:34:20 ;
; Main task         ; Compilation         ;
; Revision Name     ; ADC_AD9481          ;
+-------------------+---------------------+


+----------------------------------------------------------------------------------------------------------------------------------------------------------------------------------------------+
; Flow Non-Default Global Settings                                                                                                                                                             ;
+-------------------------------------+-------------------------------------------------------------------------------------------------------+---------------+-------------+------------------+
; Assignment Name                     ; Value                                                                                                 ; Default Value ; Entity Name ; Section Id       ;
+-------------------------------------+-------------------------------------------------------------------------------------------------------+---------------+-------------+------------------+
; COMPILER_SIGNATURE_ID               ; 163699391829528.168887366009608                                                                       ; --            ; --          ; --               ;
; EDA_OUTPUT_DATA_FORMAT              ; Verilog Hdl                                                                                           ; --            ; --          ; eda_simulation   ;
; EDA_SIMULATION_TOOL                 ; ModelSim-Altera (Verilog)                                                                             ; <None>        ; --          ; --               ;
; ENABLE_SIGNALTAP                    ; On                                                                                                    ; --            ; --          ; --               ;
; IP_TOOL_NAME                        ; FIFO                                                                                                  ; --            ; --          ; --               ;
; IP_TOOL_NAME                        ; FIFO                                                                                                  ; --            ; --          ; --               ;
; IP_TOOL_NAME                        ; ALTPLL                                                                                                ; --            ; --          ; --               ;
; IP_TOOL_NAME                        ; FIFO                                                                                                  ; --            ; --          ; --               ;
; IP_TOOL_VERSION                     ; 13.0                                                                                                  ; --            ; --          ; --               ;
; IP_TOOL_VERSION                     ; 13.0                                                                                                  ; --            ; --          ; --               ;
; IP_TOOL_VERSION                     ; 13.0                                                                                                  ; --            ; --          ; --               ;
; IP_TOOL_VERSION                     ; 13.0                                                                                                  ; --            ; --          ; --               ;
; MAX_CORE_JUNCTION_TEMP              ; 85                                                                                                    ; --            ; --          ; --               ;
; MIN_CORE_JUNCTION_TEMP              ; 0                                                                                                     ; --            ; --          ; --               ;
; MISC_FILE                           ; src/FIFO_ADC_DATA_bb.v                                                                                ; --            ; --          ; --               ;
; MISC_FILE                           ; lpm/fifo_16to8_inst.v                                                                                 ; --            ; --          ; --               ;
; MISC_FILE                           ; lpm/fifo_16to8_bb.v                                                                                   ; --            ; --          ; --               ;
; MISC_FILE                           ; lpm/pll_m_inst.v                                                                                      ; --            ; --          ; --               ;
; MISC_FILE                           ; lpm/pll_m_bb.v                                                                                        ; --            ; --          ; --               ;
; MISC_FILE                           ; lpm/pll_m.ppf                                                                                         ; --            ; --          ; --               ;
; MISC_FILE                           ; lpm/fifo_8to8_inst.v                                                                                  ; --            ; --          ; --               ;
; MISC_FILE                           ; lpm/fifo_8to8_bb.v                                                                                    ; --            ; --          ; --               ;
; NOMINAL_CORE_SUPPLY_VOLTAGE         ; 1.2V                                                                                                  ; --            ; --          ; --               ;
; PARTITION_COLOR                     ; 16764057                                                                                              ; --            ; --          ; Top              ;
; PARTITION_FITTER_PRESERVATION_LEVEL ; PLACEMENT_AND_ROUTING                                                                                 ; --            ; --          ; Top              ;
; PARTITION_NETLIST_TYPE              ; SOURCE                                                                                                ; --            ; --          ; Top              ;
; PROJECT_OUTPUT_DIRECTORY            ; output_files                                                                                          ; --            ; --          ; --               ;
; SLD_FILE                            ; D:/29036/AD/FPGA_CORE_V2_1_0_AD9481_Serial/ADC_AD9481_auto_stripped.stp                               ; --            ; --          ; --               ;
; SLD_NODE_CREATOR_ID                 ; 110                                                                                                   ; --            ; --          ; auto_signaltap_0 ;
; SLD_NODE_ENTITY_NAME                ; sld_signaltap                                                                                         ; --            ; --          ; auto_signaltap_0 ;
; SLD_NODE_PARAMETER_ASSIGNMENT       ; SLD_NODE_INFO=805334528                                                                               ; --            ; --          ; auto_signaltap_0 ;
; SLD_NODE_PARAMETER_ASSIGNMENT       ; SLD_POWER_UP_TRIGGER=0                                                                                ; --            ; --          ; auto_signaltap_0 ;
; SLD_NODE_PARAMETER_ASSIGNMENT       ; SLD_STORAGE_QUALIFIER_INVERSION_MASK_LENGTH=0                                                         ; --            ; --          ; auto_signaltap_0 ;
; SLD_NODE_PARAMETER_ASSIGNMENT       ; SLD_ATTRIBUTE_MEM_MODE=OFF                                                                            ; --            ; --          ; auto_signaltap_0 ;
; SLD_NODE_PARAMETER_ASSIGNMENT       ; SLD_STATE_FLOW_USE_GENERATED=0                                                                        ; --            ; --          ; auto_signaltap_0 ;
; SLD_NODE_PARAMETER_ASSIGNMENT       ; SLD_STATE_BITS=11                                                                                     ; --            ; --          ; auto_signaltap_0 ;
; SLD_NODE_PARAMETER_ASSIGNMENT       ; SLD_BUFFER_FULL_STOP=1                                                                                ; --            ; --          ; auto_signaltap_0 ;
; SLD_NODE_PARAMETER_ASSIGNMENT       ; SLD_CURRENT_RESOURCE_WIDTH=1                                                                          ; --            ; --          ; auto_signaltap_0 ;
; SLD_NODE_PARAMETER_ASSIGNMENT       ; SLD_TRIGGER_LEVEL=1                                                                                   ; --            ; --          ; auto_signaltap_0 ;
; SLD_NODE_PARAMETER_ASSIGNMENT       ; SLD_TRIGGER_IN_ENABLED=1                                                                              ; --            ; --          ; auto_signaltap_0 ;
; SLD_NODE_PARAMETER_ASSIGNMENT       ; SLD_ADVANCED_TRIGGER_ENTITY=basic,1,                                                                  ; --            ; --          ; auto_signaltap_0 ;
; SLD_NODE_PARAMETER_ASSIGNMENT       ; SLD_TRIGGER_LEVEL_PIPELINE=1                                                                          ; --            ; --          ; auto_signaltap_0 ;
; SLD_NODE_PARAMETER_ASSIGNMENT       ; SLD_ENABLE_ADVANCED_TRIGGER=0                                                                         ; --            ; --          ; auto_signaltap_0 ;
; SLD_NODE_PARAMETER_ASSIGNMENT       ; SLD_SEGMENT_SIZE=2048                                                                                 ; --            ; --          ; auto_signaltap_0 ;
; SLD_NODE_PARAMETER_ASSIGNMENT       ; SLD_SAMPLE_DEPTH=2048                                                                                 ; --            ; --          ; auto_signaltap_0 ;
; SLD_NODE_PARAMETER_ASSIGNMENT       ; SLD_DATA_BITS=19                                                                                      ; --            ; --          ; auto_signaltap_0 ;
; SLD_NODE_PARAMETER_ASSIGNMENT       ; SLD_TRIGGER_BITS=19                                                                                   ; --            ; --          ; auto_signaltap_0 ;
; SLD_NODE_PARAMETER_ASSIGNMENT       ; SLD_INVERSION_MASK=0000000000000000000000000000000000000000000000000000000000000000000000000000000000 ; --            ; --          ; auto_signaltap_0 ;
; SLD_NODE_PARAMETER_ASSIGNMENT       ; SLD_INVERSION_MASK_LENGTH=82                                                                          ; --            ; --          ; auto_signaltap_0 ;
; SLD_NODE_PARAMETER_ASSIGNMENT       ; SLD_NODE_CRC_LOWORD=17375                                                                             ; --            ; --          ; auto_signaltap_0 ;
; SLD_NODE_PARAMETER_ASSIGNMENT       ; SLD_NODE_CRC_HIWORD=13821                                                                             ; --            ; --          ; auto_signaltap_0 ;
; USE_SIGNALTAP_FILE                  ; ADC_AD9481.stp                                                                                        ; --            ; --          ; --               ;
+-------------------------------------+-------------------------------------------------------------------------------------------------------+---------------+-------------+------------------+


+-------------------------------------------------------------------------------------------------------------------------------+
; Flow Elapsed Time                                                                                                             ;
+---------------------------+--------------+-------------------------+---------------------+------------------------------------+
; Module Name               ; Elapsed Time ; Average Processors Used ; Peak Virtual Memory ; Total CPU Time (on all processors) ;
+---------------------------+--------------+-------------------------+---------------------+------------------------------------+
; Analysis & Synthesis      ; 00:00:04     ; 1.0                     ; 4704 MB             ; 00:00:05                           ;
; Fitter                    ; 00:00:05     ; 1.0                     ; 5449 MB             ; 00:00:07                           ;
; Assembler                 ; 00:00:00     ; 1.0                     ; 4549 MB             ; 00:00:01                           ;
; TimeQuest Timing Analyzer ; 00:00:02     ; 1.0                     ; 4657 MB             ; 00:00:02                           ;
; EDA Netlist Writer        ; 00:00:02     ; 1.0                     ; 4542 MB             ; 00:00:02                           ;
; Total                     ; 00:00:13     ; --                      ; --                  ; 00:00:17                           ;
+---------------------------+--------------+-------------------------+---------------------+------------------------------------+


+----------------------------------------------------------------------------------------+
; Flow OS Summary                                                                        ;
+---------------------------+------------------+-----------+------------+----------------+
; Module Name               ; Machine Hostname ; OS Name   ; OS Version ; Processor type ;
+---------------------------+------------------+-----------+------------+----------------+
; Analysis & Synthesis      ; X-X-X            ; Windows 7 ; 6.2        ; x86_64         ;
; Fitter                    ; X-X-X            ; Windows 7 ; 6.2        ; x86_64         ;
; Assembler                 ; X-X-X            ; Windows 7 ; 6.2        ; x86_64         ;
; TimeQuest Timing Analyzer ; X-X-X            ; Windows 7 ; 6.2        ; x86_64         ;
; EDA Netlist Writer        ; X-X-X            ; Windows 7 ; 6.2        ; x86_64         ;
+---------------------------+------------------+-----------+------------+----------------+


------------
; Flow Log ;
------------
quartus_map --read_settings_files=on --write_settings_files=off ADC_AD9481 -c ADC_AD9481
quartus_fit --read_settings_files=off --write_settings_files=off ADC_AD9481 -c ADC_AD9481
quartus_asm --read_settings_files=off --write_settings_files=off ADC_AD9481 -c ADC_AD9481
quartus_sta ADC_AD9481 -c ADC_AD9481
quartus_eda --read_settings_files=off --write_settings_files=off ADC_AD9481 -c ADC_AD9481



